
*** Running vivado
    with args -log s_clock.vds -m64 -product Vivado -mode batch -messageDb vivado.pb -notrace -source s_clock.tcl


ECHO is off.
ECHO is off.

****** Vivado v2023.2 (64-bit)
  **** SW Build 4029153 on Fri Oct 13 20:14:34 MDT 2023
  **** IP Build 4028589 on Sat Oct 14 00:45:43 MDT 2023
  **** SharedData Build 4025554 on Tue Oct 10 17:18:54 MDT 2023
    ** Copyright 1986-2022 Xilinx, Inc. All Rights Reserved.
    ** Copyright 2022-2023 Advanced Micro Devices, Inc. All Rights Reserved.

source s_clock.tcl -notrace
create_project: Time (s): cpu = 00:00:07 ; elapsed = 00:00:08 . Memory (MB): peak = 510.512 ; gain = 215.234
Command: read_checkpoint -auto_incremental -incremental A:/_important/adjustable_timer/adjustable_timer.srcs/utils_1/imports/synth_1/s_clock.dcp
INFO: [Vivado 12-5825] Read reference checkpoint from A:/_important/adjustable_timer/adjustable_timer.srcs/utils_1/imports/synth_1/s_clock.dcp for incremental synthesis
INFO: [Vivado 12-7989] Please ensure there are no constraint changes
Command: synth_design -top s_clock -part xc7s25csga324-1
Starting synth_design
Attempting to get a license for feature 'Synthesis' and/or device 'xc7s25'
INFO: [Common 17-349] Got license for feature 'Synthesis' and/or device 'xc7s25'
INFO: [Device 21-403] Loading part xc7s25csga324-1
INFO: [Designutils 20-5440] No compile time benefit to using incremental synthesis; A full resynthesis will be run
INFO: [Designutils 20-4379] Flow is switching to default flow due to incremental criteria not met. If you would like to alter this behaviour and have the flow terminate instead, please set the following parameter config_implementation {autoIncr.Synth.RejectBehavior Terminate}
INFO: [Synth 8-7079] Multithreading enabled for synth_design using a maximum of 2 processes.
INFO: [Synth 8-7078] Launching helper process for spawning children vivado processes
INFO: [Synth 8-7075] Helper process launched with PID 85568
---------------------------------------------------------------------------------
Starting RTL Elaboration : Time (s): cpu = 00:00:06 ; elapsed = 00:00:06 . Memory (MB): peak = 1324.414 ; gain = 439.645
---------------------------------------------------------------------------------
INFO: [Synth 8-638] synthesizing module 's_clock' [A:/_important/adjustable_timer/adjustable_timer.srcs/sources_1/new/s_clock.vhd:45]
WARNING: [Synth 8-614] signal 'start' is read in the process but is not in the sensitivity list [A:/_important/adjustable_timer/adjustable_timer.srcs/sources_1/new/s_clock.vhd:54]
WARNING: [Synth 8-614] signal 'start' is read in the process but is not in the sensitivity list [A:/_important/adjustable_timer/adjustable_timer.srcs/sources_1/new/s_clock.vhd:65]
INFO: [Synth 8-256] done synthesizing module 's_clock' (0#1) [A:/_important/adjustable_timer/adjustable_timer.srcs/sources_1/new/s_clock.vhd:45]
---------------------------------------------------------------------------------
Finished RTL Elaboration : Time (s): cpu = 00:00:08 ; elapsed = 00:00:08 . Memory (MB): peak = 1431.605 ; gain = 546.836
---------------------------------------------------------------------------------
---------------------------------------------------------------------------------
Start Handling Custom Attributes
---------------------------------------------------------------------------------
---------------------------------------------------------------------------------
Finished Handling Custom Attributes : Time (s): cpu = 00:00:08 ; elapsed = 00:00:08 . Memory (MB): peak = 1431.605 ; gain = 546.836
---------------------------------------------------------------------------------
---------------------------------------------------------------------------------
Finished RTL Optimization Phase 1 : Time (s): cpu = 00:00:08 ; elapsed = 00:00:08 . Memory (MB): peak = 1431.605 ; gain = 546.836
---------------------------------------------------------------------------------
Netlist sorting complete. Time (s): cpu = 00:00:00 ; elapsed = 00:00:00.001 . Memory (MB): peak = 1431.605 ; gain = 0.000
INFO: [Project 1-570] Preparing netlist for logic optimization

Processing XDC Constraints
Initializing timing engine
Parsing XDC File [A:/_important/adjustable_timer/adjustable_timer.srcs/constrs_1/new/arty_S7_25.xdc]
Finished Parsing XDC File [A:/_important/adjustable_timer/adjustable_timer.srcs/constrs_1/new/arty_S7_25.xdc]
INFO: [Project 1-236] Implementation specific constraints were found while reading constraint file [A:/_important/adjustable_timer/adjustable_timer.srcs/constrs_1/new/arty_S7_25.xdc]. These constraints will be ignored for synthesis but will be used in implementation. Impacted constraints are listed in the file [.Xil/s_clock_propImpl.xdc].
Resolution: To avoid this warning, move constraints listed in [.Xil/s_clock_propImpl.xdc] to another XDC file and exclude this new file from synthesis with the used_in_synthesis property (File Properties dialog in GUI) and re-run elaboration/synthesis.
Completed Processing XDC Constraints

Netlist sorting complete. Time (s): cpu = 00:00:00 ; elapsed = 00:00:00 . Memory (MB): peak = 1506.418 ; gain = 0.000
INFO: [Project 1-111] Unisim Transformation Summary:
No Unisim elements were transformed.

The system cannot find the path specified.
Constraint Validation Runtime : Time (s): cpu = 00:00:00 ; elapsed = 00:00:00.001 . Memory (MB): peak = 1506.418 ; gain = 0.000
INFO: [Designutils 20-5440] No compile time benefit to using incremental synthesis; A full resynthesis will be run
INFO: [Designutils 20-4379] Flow is switching to default flow due to incremental criteria not met. If you would like to alter this behaviour and have the flow terminate instead, please set the following parameter config_implementation {autoIncr.Synth.RejectBehavior Terminate}
---------------------------------------------------------------------------------
Finished Constraint Validation : Time (s): cpu = 00:00:16 ; elapsed = 00:00:17 . Memory (MB): peak = 1506.418 ; gain = 621.648
---------------------------------------------------------------------------------
---------------------------------------------------------------------------------
Start Loading Part and Timing Information
---------------------------------------------------------------------------------
Loading part: xc7s25csga324-1
---------------------------------------------------------------------------------
Finished Loading Part and Timing Information : Time (s): cpu = 00:00:16 ; elapsed = 00:00:17 . Memory (MB): peak = 1506.418 ; gain = 621.648
---------------------------------------------------------------------------------
---------------------------------------------------------------------------------
Start Applying 'set_property' XDC Constraints
---------------------------------------------------------------------------------
---------------------------------------------------------------------------------
Finished applying 'set_property' XDC Constraints : Time (s): cpu = 00:00:16 ; elapsed = 00:00:17 . Memory (MB): peak = 1506.418 ; gain = 621.648
---------------------------------------------------------------------------------
---------------------------------------------------------------------------------
Finished RTL Optimization Phase 2 : Time (s): cpu = 00:00:16 ; elapsed = 00:00:17 . Memory (MB): peak = 1506.418 ; gain = 621.648
---------------------------------------------------------------------------------
---------------------------------------------------------------------------------
Start RTL Component Statistics 
---------------------------------------------------------------------------------
Detailed RTL Component Info : 
+---Adders : 
	   2 Input   27 Bit       Adders := 1     
+---Muxes : 
	   2 Input   27 Bit        Muxes := 1     
---------------------------------------------------------------------------------
Finished RTL Component Statistics 
---------------------------------------------------------------------------------
---------------------------------------------------------------------------------
Start Part Resource Summary
---------------------------------------------------------------------------------
Part Resources:
DSPs: 80 (col length:40)
BRAMs: 90 (col length: RAMB18 40 RAMB36 20)
---------------------------------------------------------------------------------
Finished Part Resource Summary
---------------------------------------------------------------------------------
---------------------------------------------------------------------------------
Start Cross Boundary and Area Optimization
---------------------------------------------------------------------------------
WARNING: [Synth 8-7080] Parallel synthesis criteria is not met
---------------------------------------------------------------------------------
Finished Cross Boundary and Area Optimization : Time (s): cpu = 00:00:19 ; elapsed = 00:00:19 . Memory (MB): peak = 1506.418 ; gain = 621.648
---------------------------------------------------------------------------------
---------------------------------------------------------------------------------
Start Applying XDC Timing Constraints
---------------------------------------------------------------------------------
---------------------------------------------------------------------------------
Finished Applying XDC Timing Constraints : Time (s): cpu = 00:00:24 ; elapsed = 00:00:25 . Memory (MB): peak = 1506.418 ; gain = 621.648
---------------------------------------------------------------------------------
---------------------------------------------------------------------------------
Start Timing Optimization
---------------------------------------------------------------------------------
---------------------------------------------------------------------------------
Finished Timing Optimization : Time (s): cpu = 00:00:24 ; elapsed = 00:00:25 . Memory (MB): peak = 1506.418 ; gain = 621.648
---------------------------------------------------------------------------------
---------------------------------------------------------------------------------
Start Technology Mapping
---------------------------------------------------------------------------------
---------------------------------------------------------------------------------
Finished Technology Mapping : Time (s): cpu = 00:00:24 ; elapsed = 00:00:25 . Memory (MB): peak = 1506.418 ; gain = 621.648
---------------------------------------------------------------------------------
---------------------------------------------------------------------------------
Start IO Insertion
---------------------------------------------------------------------------------
---------------------------------------------------------------------------------
Start Flattening Before IO Insertion
---------------------------------------------------------------------------------
---------------------------------------------------------------------------------
Finished Flattening Before IO Insertion
---------------------------------------------------------------------------------
---------------------------------------------------------------------------------
Start Final Netlist Cleanup
---------------------------------------------------------------------------------
---------------------------------------------------------------------------------
Finished Final Netlist Cleanup
---------------------------------------------------------------------------------
---------------------------------------------------------------------------------
Finished IO Insertion : Time (s): cpu = 00:00:29 ; elapsed = 00:00:30 . Memory (MB): peak = 1506.418 ; gain = 621.648
---------------------------------------------------------------------------------
---------------------------------------------------------------------------------
Start Renaming Generated Instances
---------------------------------------------------------------------------------
---------------------------------------------------------------------------------
Finished Renaming Generated Instances : Time (s): cpu = 00:00:29 ; elapsed = 00:00:30 . Memory (MB): peak = 1506.418 ; gain = 621.648
---------------------------------------------------------------------------------
CRITICAL WARNING: [Synth 8-6859] multi-driven net on pin s_clock_out_OBUF with 1st driver pin 'led_buff_reg__0/Q' [A:/_important/adjustable_timer/adjustable_timer.srcs/sources_1/new/s_clock.vhd:51]
CRITICAL WARNING: [Synth 8-6859] multi-driven net on pin s_clock_out_OBUF with 2nd driver pin 'led_buff_reg/Q' [A:/_important/adjustable_timer/adjustable_timer.srcs/sources_1/new/s_clock.vhd:77]
CRITICAL WARNING: [Synth 8-6859] multi-driven net on pin timer_count[26] with 1st driver pin 'timer_count_reg[26]__0/Q' [A:/_important/adjustable_timer/adjustable_timer.srcs/sources_1/new/s_clock.vhd:57]
CRITICAL WARNING: [Synth 8-6859] multi-driven net on pin timer_count[26] with 2nd driver pin 'timer_count_reg[26]/Q' [A:/_important/adjustable_timer/adjustable_timer.srcs/sources_1/new/s_clock.vhd:68]
CRITICAL WARNING: [Synth 8-6859] multi-driven net on pin timer_count[25] with 1st driver pin 'timer_count_reg[25]__0/Q' [A:/_important/adjustable_timer/adjustable_timer.srcs/sources_1/new/s_clock.vhd:57]
CRITICAL WARNING: [Synth 8-6859] multi-driven net on pin timer_count[25] with 2nd driver pin 'timer_count_reg[25]/Q' [A:/_important/adjustable_timer/adjustable_timer.srcs/sources_1/new/s_clock.vhd:68]
CRITICAL WARNING: [Synth 8-6859] multi-driven net on pin timer_count[24] with 1st driver pin 'timer_count_reg[24]__0/Q' [A:/_important/adjustable_timer/adjustable_timer.srcs/sources_1/new/s_clock.vhd:57]
CRITICAL WARNING: [Synth 8-6859] multi-driven net on pin timer_count[24] with 2nd driver pin 'timer_count_reg[24]/Q' [A:/_important/adjustable_timer/adjustable_timer.srcs/sources_1/new/s_clock.vhd:68]
CRITICAL WARNING: [Synth 8-6859] multi-driven net on pin timer_count[23] with 1st driver pin 'timer_count_reg[23]__0/Q' [A:/_important/adjustable_timer/adjustable_timer.srcs/sources_1/new/s_clock.vhd:57]
CRITICAL WARNING: [Synth 8-6859] multi-driven net on pin timer_count[23] with 2nd driver pin 'timer_count_reg[23]/Q' [A:/_important/adjustable_timer/adjustable_timer.srcs/sources_1/new/s_clock.vhd:68]
CRITICAL WARNING: [Synth 8-6859] multi-driven net on pin timer_count[22] with 1st driver pin 'timer_count_reg[22]__0/Q' [A:/_important/adjustable_timer/adjustable_timer.srcs/sources_1/new/s_clock.vhd:57]
CRITICAL WARNING: [Synth 8-6859] multi-driven net on pin timer_count[22] with 2nd driver pin 'timer_count_reg[22]/Q' [A:/_important/adjustable_timer/adjustable_timer.srcs/sources_1/new/s_clock.vhd:68]
CRITICAL WARNING: [Synth 8-6859] multi-driven net on pin timer_count[21] with 1st driver pin 'timer_count_reg[21]__0/Q' [A:/_important/adjustable_timer/adjustable_timer.srcs/sources_1/new/s_clock.vhd:57]
CRITICAL WARNING: [Synth 8-6859] multi-driven net on pin timer_count[21] with 2nd driver pin 'timer_count_reg[21]/Q' [A:/_important/adjustable_timer/adjustable_timer.srcs/sources_1/new/s_clock.vhd:68]
CRITICAL WARNING: [Synth 8-6859] multi-driven net on pin timer_count[20] with 1st driver pin 'timer_count_reg[20]__0/Q' [A:/_important/adjustable_timer/adjustable_timer.srcs/sources_1/new/s_clock.vhd:57]
CRITICAL WARNING: [Synth 8-6859] multi-driven net on pin timer_count[20] with 2nd driver pin 'timer_count_reg[20]/Q' [A:/_important/adjustable_timer/adjustable_timer.srcs/sources_1/new/s_clock.vhd:68]
CRITICAL WARNING: [Synth 8-6859] multi-driven net on pin timer_count[19] with 1st driver pin 'timer_count_reg[19]__0/Q' [A:/_important/adjustable_timer/adjustable_timer.srcs/sources_1/new/s_clock.vhd:57]
CRITICAL WARNING: [Synth 8-6859] multi-driven net on pin timer_count[19] with 2nd driver pin 'timer_count_reg[19]/Q' [A:/_important/adjustable_timer/adjustable_timer.srcs/sources_1/new/s_clock.vhd:68]
CRITICAL WARNING: [Synth 8-6859] multi-driven net on pin timer_count[18] with 1st driver pin 'timer_count_reg[18]__0/Q' [A:/_important/adjustable_timer/adjustable_timer.srcs/sources_1/new/s_clock.vhd:57]
CRITICAL WARNING: [Synth 8-6859] multi-driven net on pin timer_count[18] with 2nd driver pin 'timer_count_reg[18]/Q' [A:/_important/adjustable_timer/adjustable_timer.srcs/sources_1/new/s_clock.vhd:68]
CRITICAL WARNING: [Synth 8-6859] multi-driven net on pin timer_count[17] with 1st driver pin 'timer_count_reg[17]__0/Q' [A:/_important/adjustable_timer/adjustable_timer.srcs/sources_1/new/s_clock.vhd:57]
CRITICAL WARNING: [Synth 8-6859] multi-driven net on pin timer_count[17] with 2nd driver pin 'timer_count_reg[17]/Q' [A:/_important/adjustable_timer/adjustable_timer.srcs/sources_1/new/s_clock.vhd:68]
CRITICAL WARNING: [Synth 8-6859] multi-driven net on pin timer_count[16] with 1st driver pin 'timer_count_reg[16]__0/Q' [A:/_important/adjustable_timer/adjustable_timer.srcs/sources_1/new/s_clock.vhd:57]
CRITICAL WARNING: [Synth 8-6859] multi-driven net on pin timer_count[16] with 2nd driver pin 'timer_count_reg[16]/Q' [A:/_important/adjustable_timer/adjustable_timer.srcs/sources_1/new/s_clock.vhd:68]
CRITICAL WARNING: [Synth 8-6859] multi-driven net on pin timer_count[15] with 1st driver pin 'timer_count_reg[15]__0/Q' [A:/_important/adjustable_timer/adjustable_timer.srcs/sources_1/new/s_clock.vhd:57]
CRITICAL WARNING: [Synth 8-6859] multi-driven net on pin timer_count[15] with 2nd driver pin 'timer_count_reg[15]/Q' [A:/_important/adjustable_timer/adjustable_timer.srcs/sources_1/new/s_clock.vhd:68]
CRITICAL WARNING: [Synth 8-6859] multi-driven net on pin timer_count[14] with 1st driver pin 'timer_count_reg[14]__0/Q' [A:/_important/adjustable_timer/adjustable_timer.srcs/sources_1/new/s_clock.vhd:57]
CRITICAL WARNING: [Synth 8-6859] multi-driven net on pin timer_count[14] with 2nd driver pin 'timer_count_reg[14]/Q' [A:/_important/adjustable_timer/adjustable_timer.srcs/sources_1/new/s_clock.vhd:68]
CRITICAL WARNING: [Synth 8-6859] multi-driven net on pin timer_count[13] with 1st driver pin 'timer_count_reg[13]__0/Q' [A:/_important/adjustable_timer/adjustable_timer.srcs/sources_1/new/s_clock.vhd:57]
CRITICAL WARNING: [Synth 8-6859] multi-driven net on pin timer_count[13] with 2nd driver pin 'timer_count_reg[13]/Q' [A:/_important/adjustable_timer/adjustable_timer.srcs/sources_1/new/s_clock.vhd:68]
CRITICAL WARNING: [Synth 8-6859] multi-driven net on pin timer_count[12] with 1st driver pin 'timer_count_reg[12]__0/Q' [A:/_important/adjustable_timer/adjustable_timer.srcs/sources_1/new/s_clock.vhd:57]
CRITICAL WARNING: [Synth 8-6859] multi-driven net on pin timer_count[12] with 2nd driver pin 'timer_count_reg[12]/Q' [A:/_important/adjustable_timer/adjustable_timer.srcs/sources_1/new/s_clock.vhd:68]
CRITICAL WARNING: [Synth 8-6859] multi-driven net on pin timer_count[11] with 1st driver pin 'timer_count_reg[11]__0/Q' [A:/_important/adjustable_timer/adjustable_timer.srcs/sources_1/new/s_clock.vhd:57]
CRITICAL WARNING: [Synth 8-6859] multi-driven net on pin timer_count[11] with 2nd driver pin 'timer_count_reg[11]/Q' [A:/_important/adjustable_timer/adjustable_timer.srcs/sources_1/new/s_clock.vhd:68]
CRITICAL WARNING: [Synth 8-6859] multi-driven net on pin timer_count[10] with 1st driver pin 'timer_count_reg[10]__0/Q' [A:/_important/adjustable_timer/adjustable_timer.srcs/sources_1/new/s_clock.vhd:57]
CRITICAL WARNING: [Synth 8-6859] multi-driven net on pin timer_count[10] with 2nd driver pin 'timer_count_reg[10]/Q' [A:/_important/adjustable_timer/adjustable_timer.srcs/sources_1/new/s_clock.vhd:68]
CRITICAL WARNING: [Synth 8-6859] multi-driven net on pin timer_count[9] with 1st driver pin 'timer_count_reg[9]__0/Q' [A:/_important/adjustable_timer/adjustable_timer.srcs/sources_1/new/s_clock.vhd:57]
CRITICAL WARNING: [Synth 8-6859] multi-driven net on pin timer_count[9] with 2nd driver pin 'timer_count_reg[9]/Q' [A:/_important/adjustable_timer/adjustable_timer.srcs/sources_1/new/s_clock.vhd:68]
CRITICAL WARNING: [Synth 8-6859] multi-driven net on pin timer_count[8] with 1st driver pin 'timer_count_reg[8]__0/Q' [A:/_important/adjustable_timer/adjustable_timer.srcs/sources_1/new/s_clock.vhd:57]
CRITICAL WARNING: [Synth 8-6859] multi-driven net on pin timer_count[8] with 2nd driver pin 'timer_count_reg[8]/Q' [A:/_important/adjustable_timer/adjustable_timer.srcs/sources_1/new/s_clock.vhd:68]
CRITICAL WARNING: [Synth 8-6859] multi-driven net on pin timer_count[7] with 1st driver pin 'timer_count_reg[7]__0/Q' [A:/_important/adjustable_timer/adjustable_timer.srcs/sources_1/new/s_clock.vhd:57]
CRITICAL WARNING: [Synth 8-6859] multi-driven net on pin timer_count[7] with 2nd driver pin 'timer_count_reg[7]/Q' [A:/_important/adjustable_timer/adjustable_timer.srcs/sources_1/new/s_clock.vhd:68]
CRITICAL WARNING: [Synth 8-6859] multi-driven net on pin timer_count[6] with 1st driver pin 'timer_count_reg[6]__0/Q' [A:/_important/adjustable_timer/adjustable_timer.srcs/sources_1/new/s_clock.vhd:57]
CRITICAL WARNING: [Synth 8-6859] multi-driven net on pin timer_count[6] with 2nd driver pin 'timer_count_reg[6]/Q' [A:/_important/adjustable_timer/adjustable_timer.srcs/sources_1/new/s_clock.vhd:68]
CRITICAL WARNING: [Synth 8-6859] multi-driven net on pin timer_count[5] with 1st driver pin 'timer_count_reg[5]__0/Q' [A:/_important/adjustable_timer/adjustable_timer.srcs/sources_1/new/s_clock.vhd:57]
CRITICAL WARNING: [Synth 8-6859] multi-driven net on pin timer_count[5] with 2nd driver pin 'timer_count_reg[5]/Q' [A:/_important/adjustable_timer/adjustable_timer.srcs/sources_1/new/s_clock.vhd:68]
CRITICAL WARNING: [Synth 8-6859] multi-driven net on pin timer_count[4] with 1st driver pin 'timer_count_reg[4]__0/Q' [A:/_important/adjustable_timer/adjustable_timer.srcs/sources_1/new/s_clock.vhd:57]
CRITICAL WARNING: [Synth 8-6859] multi-driven net on pin timer_count[4] with 2nd driver pin 'timer_count_reg[4]/Q' [A:/_important/adjustable_timer/adjustable_timer.srcs/sources_1/new/s_clock.vhd:68]
CRITICAL WARNING: [Synth 8-6859] multi-driven net on pin timer_count[3] with 1st driver pin 'timer_count_reg[3]__0/Q' [A:/_important/adjustable_timer/adjustable_timer.srcs/sources_1/new/s_clock.vhd:57]
CRITICAL WARNING: [Synth 8-6859] multi-driven net on pin timer_count[3] with 2nd driver pin 'timer_count_reg[3]/Q' [A:/_important/adjustable_timer/adjustable_timer.srcs/sources_1/new/s_clock.vhd:68]
CRITICAL WARNING: [Synth 8-6859] multi-driven net on pin timer_count[2] with 1st driver pin 'timer_count_reg[2]__0/Q' [A:/_important/adjustable_timer/adjustable_timer.srcs/sources_1/new/s_clock.vhd:57]
CRITICAL WARNING: [Synth 8-6859] multi-driven net on pin timer_count[2] with 2nd driver pin 'timer_count_reg[2]/Q' [A:/_important/adjustable_timer/adjustable_timer.srcs/sources_1/new/s_clock.vhd:68]
CRITICAL WARNING: [Synth 8-6859] multi-driven net on pin timer_count[1] with 1st driver pin 'timer_count_reg[1]__0/Q' [A:/_important/adjustable_timer/adjustable_timer.srcs/sources_1/new/s_clock.vhd:57]
CRITICAL WARNING: [Synth 8-6859] multi-driven net on pin timer_count[1] with 2nd driver pin 'timer_count_reg[1]/Q' [A:/_important/adjustable_timer/adjustable_timer.srcs/sources_1/new/s_clock.vhd:68]
CRITICAL WARNING: [Synth 8-6859] multi-driven net on pin timer_count[0] with 1st driver pin 'timer_count_reg[0]/Q' [A:/_important/adjustable_timer/adjustable_timer.srcs/sources_1/new/s_clock.vhd:68]
CRITICAL WARNING: [Synth 8-6859] multi-driven net on pin timer_count[0] with 2nd driver pin 'timer_count_reg[0]__0/Q' [A:/_important/adjustable_timer/adjustable_timer.srcs/sources_1/new/s_clock.vhd:57]

Report Check Netlist: 
+------+------------------+-------+---------+-------+------------------+
|      |Item              |Errors |Warnings |Status |Description       |
+------+------------------+-------+---------+-------+------------------+
|1     |multi_driven_nets |      0|       28|Failed |Multi driven nets |
+------+------------------+-------+---------+-------+------------------+
---------------------------------------------------------------------------------
Start Rebuilding User Hierarchy
---------------------------------------------------------------------------------
---------------------------------------------------------------------------------
Finished Rebuilding User Hierarchy : Time (s): cpu = 00:00:29 ; elapsed = 00:00:30 . Memory (MB): peak = 1506.418 ; gain = 621.648
---------------------------------------------------------------------------------
---------------------------------------------------------------------------------
Start Renaming Generated Ports
---------------------------------------------------------------------------------
---------------------------------------------------------------------------------
Finished Renaming Generated Ports : Time (s): cpu = 00:00:29 ; elapsed = 00:00:30 . Memory (MB): peak = 1506.418 ; gain = 621.648
---------------------------------------------------------------------------------
---------------------------------------------------------------------------------
Start Handling Custom Attributes
---------------------------------------------------------------------------------
---------------------------------------------------------------------------------
Finished Handling Custom Attributes : Time (s): cpu = 00:00:29 ; elapsed = 00:00:30 . Memory (MB): peak = 1506.418 ; gain = 621.648
---------------------------------------------------------------------------------
---------------------------------------------------------------------------------
Start Renaming Generated Nets
---------------------------------------------------------------------------------
---------------------------------------------------------------------------------
Finished Renaming Generated Nets : Time (s): cpu = 00:00:29 ; elapsed = 00:00:30 . Memory (MB): peak = 1506.418 ; gain = 621.648
---------------------------------------------------------------------------------
---------------------------------------------------------------------------------
Start Writing Synthesis Report
---------------------------------------------------------------------------------

Report BlackBoxes: 
+-+--------------+----------+
| |BlackBox name |Instances |
+-+--------------+----------+
+-+--------------+----------+

Report Cell Usage: 
+------+-------+------+
|      |Cell   |Count |
+------+-------+------+
|1     |BUFG   |     2|
|2     |CARRY4 |     7|
|3     |LUT1   |     2|
|4     |LUT3   |     2|
|5     |LUT4   |     6|
|6     |LUT6   |     2|
|7     |FDRE   |    56|
|8     |IBUF   |     2|
|9     |OBUF   |     2|
+------+-------+------+
---------------------------------------------------------------------------------
Finished Writing Synthesis Report : Time (s): cpu = 00:00:29 ; elapsed = 00:00:30 . Memory (MB): peak = 1506.418 ; gain = 621.648
---------------------------------------------------------------------------------
Synthesis finished with 0 errors, 56 critical warnings and 1 warnings.
Synthesis Optimization Runtime : Time (s): cpu = 00:00:19 ; elapsed = 00:00:28 . Memory (MB): peak = 1506.418 ; gain = 546.836
Synthesis Optimization Complete : Time (s): cpu = 00:00:29 ; elapsed = 00:00:30 . Memory (MB): peak = 1506.418 ; gain = 621.648
INFO: [Project 1-571] Translating synthesized netlist
Netlist sorting complete. Time (s): cpu = 00:00:00 ; elapsed = 00:00:00.001 . Memory (MB): peak = 1506.418 ; gain = 0.000
INFO: [Netlist 29-17] Analyzing 7 Unisim elements for replacement
INFO: [Netlist 29-28] Unisim Transformation completed in 0 CPU seconds
INFO: [Project 1-570] Preparing netlist for logic optimization
INFO: [Opt 31-138] Pushed 0 inverter(s) to 0 load pin(s).
Netlist sorting complete. Time (s): cpu = 00:00:00 ; elapsed = 00:00:00 . Memory (MB): peak = 1506.418 ; gain = 0.000
INFO: [Project 1-111] Unisim Transformation Summary:
No Unisim elements were transformed.

The system cannot find the path specified.
Synth Design complete | Checksum: 7b3f05ca
INFO: [Common 17-83] Releasing license: Synthesis
23 Infos, 3 Warnings, 56 Critical Warnings and 0 Errors encountered.
synth_design completed successfully
synth_design: Time (s): cpu = 00:00:33 ; elapsed = 00:00:34 . Memory (MB): peak = 1506.418 ; gain = 991.945
INFO: [runtcl-6] Synthesis results are not added to the cache due to CRITICAL_WARNING
Write ShapeDB Complete: Time (s): cpu = 00:00:00 ; elapsed = 00:00:00.001 . Memory (MB): peak = 1506.418 ; gain = 0.000
INFO: [Common 17-1381] The checkpoint 'A:/_important/adjustable_timer/adjustable_timer.runs/synth_1/s_clock.dcp' has been generated.
INFO: [runtcl-4] Executing : report_utilization -file s_clock_utilization_synth.rpt -pb s_clock_utilization_synth.pb
INFO: [Common 17-206] Exiting Vivado at Tue Jun  4 15:05:49 2024...
